<?xml version="1.0" encoding="UTF-8"?>
<!-- Generated by org.testng.reporters.JUnitReportReporter -->
<testsuite hostname="Netaji" failures="0" tests="2" name="com.hyr.Test.OrangeHrm" time="12.299" errors="0" timestamp="2022-09-05T00:51:02 IST" skipped="0">
  <testcase classname="com.hyr.Test.OrangeHrm" name="EnterLoginDetails" time="3.242"/>
  <system-out/>
  <testcase classname="com.hyr.Test.OrangeHrm" name="LaunchApp" time="9.057"/>
  <system-out/>
</testsuite> <!-- com.hyr.Test.OrangeHrm -->
