<?xml version="1.0" encoding="UTF-8"?>
<!-- Generated by org.testng.reporters.JUnitReportReporter -->
<testsuite hostname="Netaji" failures="0" tests="4" name="com.hyr.Test.Part_03" time="54.159" errors="0" timestamp="2022-09-04T14:20:12 IST" skipped="0">
  <testcase classname="com.hyr.Test.Part_03" name="Exceldata" time="12.849"/>
  <system-out/>
  <testcase classname="com.hyr.Test.Part_03" name="Exceldata" time="14.976"/>
  <system-out/>
  <testcase classname="com.hyr.Test.Part_03" name="Exceldata" time="13.837"/>
  <system-out/>
  <testcase classname="com.hyr.Test.Part_03" name="Exceldata" time="12.497"/>
  <system-out/>
</testsuite> <!-- com.hyr.Test.Part_03 -->
