<?xml version="1.0" encoding="UTF-8"?>
<!-- Generated by org.testng.reporters.JUnitReportReporter -->
<testsuite hostname="Netaji" failures="0" tests="2" name="com.hyr.Test.Part_07" time="0.022" errors="0" timestamp="2022-09-06T18:37:23 IST" skipped="0">
  <testcase classname="com.hyr.Test.Part_07" name="testmethod2" time="0.004"/>
  <system-out/>
  <testcase classname="com.hyr.Test.Part_07" name="testmethod1" time="0.018"/>
  <system-out/>
</testsuite> <!-- com.hyr.Test.Part_07 -->
