<?xml version="1.0" encoding="UTF-8"?>
<!-- Generated by org.testng.reporters.JUnitReportReporter -->
<testsuite hostname="Netaji" failures="0" tests="1" name="com.practise.Test02" time="0.015" errors="0" timestamp="2022-09-09T19:24:17 IST" skipped="0">
  <testcase classname="com.practise.Test02" name="stringDiff" time="0.015"/>
  <system-out/>
</testsuite> <!-- com.practise.Test02 -->
